<?xml version="1.0" encoding="UTF-8"?>
<testsuite xmlns:xsi="http://www.w3.org/2001/XMLSchema-instance" xsi:noNamespaceSchemaLocation="https://maven.apache.org/surefire/maven-surefire-plugin/xsd/surefire-test-report-3.0.xsd" version="3.0" name="it.traveleasy.TravelEasyRecensioniTest" time="1.205" tests="2" errors="0" skipped="0" failures="0">
  <properties>
[...]
</properties>
  <testcase name="inserisciRecensione_creaRecordEAggiornaMappaRecensioni" classname="it.traveleasy.TravelEasyRecensioniTest" time="1.016"/>
  <testcase name="visualizzaRecensioneLatoOperatore_clienteRecuperaTernaPerPrenotazione" classname="it.traveleasy.TravelEasyRecensioniTest" time="0.187"/>
</testsuite>